{"message":"API Version\t: v1","level":"info"}
{"message":"API Port\t: 8080","level":"info"}
{"message":"Build Version\t: --NOT AVAILABLE--","level":"info"}
{"message":"NODE_ENV\t: development","level":"info"}
{"message":"[b3c5fa34-db18-49de-97f5-5fbcbf9a438b] SERVER(Error-Middleware): Cannot destructure property `username` of 'undefined' or 'null'.","level":"error"}
{"message":"[b3c5fa34-db18-49de-97f5-5fbcbf9a438b] ::1 - - [23/Apr/2019:10:48:47 +0000] \"POST /v1/users HTTP/1.1\" 500 339 \"-\" \"PostmanRuntime/7.6.1\"","level":"info"}
{"message":"[95bf208a-36a2-43e2-a3c1-0c22796fd7c0] SERVER(Error-Middleware): Cannot destructure property `username` of 'undefined' or 'null'.","level":"error"}
{"message":"[95bf208a-36a2-43e2-a3c1-0c22796fd7c0] ::1 - - [23/Apr/2019:10:52:16 +0000] \"POST /v1/users HTTP/1.1\" 500 339 \"-\" \"PostmanRuntime/7.6.1\"","level":"info"}
{"message":"API Version\t: v1","level":"info"}
{"message":"API Port\t: 8080","level":"info"}
{"message":"Build Version\t: --NOT AVAILABLE--","level":"info"}
{"message":"NODE_ENV\t: development","level":"info"}
{"message":"[34531552-f8c3-41ff-9749-4b458f029254] - userService(createUser)- Cannot destructure property `username` of 'undefined' or 'null'.","level":"error"}
{"message":"[34531552-f8c3-41ff-9749-4b458f029254] SERVER(Error-Middleware): Cannot destructure property `username` of 'undefined' or 'null'.","level":"error"}
{"message":"[34531552-f8c3-41ff-9749-4b458f029254] ::1 - - [23/Apr/2019:10:54:13 +0000] \"POST /v1/users HTTP/1.1\" 500 339 \"-\" \"PostmanRuntime/7.6.1\"","level":"info"}
{"message":"API Version\t: v1","level":"info"}
{"message":"API Port\t: 8080","level":"info"}
{"message":"Build Version\t: --NOT AVAILABLE--","level":"info"}
{"message":"NODE_ENV\t: development","level":"info"}
{"message":"[78439456-a9a2-4cae-b26a-69778f123c06] - userService(createUser): CONN-ERR: getaddrinfo ENOTFOUND undefined undefined:5432","level":"error"}
{"message":"[78439456-a9a2-4cae-b26a-69778f123c06] SERVER(Error-Middleware): getaddrinfo ENOTFOUND undefined undefined:5432","level":"error"}
{"message":"[78439456-a9a2-4cae-b26a-69778f123c06] ::1 - - [23/Apr/2019:10:55:53 +0000] \"POST /v1/users HTTP/1.1\" 500 321 \"-\" \"PostmanRuntime/7.6.1\"","level":"info"}
{"message":"[1c5654bb-ea3b-488f-9405-10ee0ad40c16] - userService(createUser): CONN-ERR: getaddrinfo ENOTFOUND undefined undefined:5432","level":"error"}
{"message":"[1c5654bb-ea3b-488f-9405-10ee0ad40c16] SERVER(Error-Middleware): getaddrinfo ENOTFOUND undefined undefined:5432","level":"error"}
{"message":"[1c5654bb-ea3b-488f-9405-10ee0ad40c16] ::1 - - [23/Apr/2019:10:57:24 +0000] \"POST /v1/users HTTP/1.1\" 500 320 \"-\" \"PostmanRuntime/7.6.1\"","level":"info"}
{"message":"API Version\t: v1","level":"info"}
{"message":"API Port\t: 8080","level":"info"}
{"message":"Build Version\t: --NOT AVAILABLE--","level":"info"}
{"message":"NODE_ENV\t: development","level":"info"}
{"message":"[a4580eaf-5593-4ef3-bed2-349b76aee0b9] ::1 - - [23/Apr/2019:10:58:19 +0000] \"POST /v1/users HTTP/1.1\" 200 41 \"-\" \"PostmanRuntime/7.6.1\"","level":"info"}
{"message":"[dc19c52b-4db4-43f3-b216-2113e15454d0] ::1 - - [23/Apr/2019:10:58:29 +0000] \"GET /v1/users HTTP/1.1\" 200 1007 \"-\" \"PostmanRuntime/7.6.1\"","level":"info"}
{"message":"[dede9086-9905-4d73-bdaf-58f95443429d] ::1 - - [23/Apr/2019:10:58:38 +0000] \"DELETE /v1/users/night123 HTTP/1.1\" 200 43 \"-\" \"PostmanRuntime/7.6.1\"","level":"info"}
{"message":"[087c2de2-2689-4da3-b014-5d9346380d07] ::1 - - [23/Apr/2019:10:58:44 +0000] \"DELETE /v1/users/night123 HTTP/1.1\" 200 43 \"-\" \"PostmanRuntime/7.6.1\"","level":"info"}
{"message":"[b60e7320-7cca-4ebf-b46e-2dde4311b1df] ::1 - - [23/Apr/2019:10:59:02 +0000] \"GET /v1/users HTTP/1.1\" 200 1007 \"-\" \"PostmanRuntime/7.6.1\"","level":"info"}
{"message":"[571a0bb6-340e-4bf3-b38c-9f2801a624b1] ::1 - - [23/Apr/2019:10:59:23 +0000] \"DELETE /v1/users/test1 HTTP/1.1\" 200 43 \"-\" \"PostmanRuntime/7.6.1\"","level":"info"}
{"message":"[95d903c2-292e-4503-b652-12836ff809a3] ::1 - - [23/Apr/2019:10:59:28 +0000] \"GET /v1/users HTTP/1.1\" 200 895 \"-\" \"PostmanRuntime/7.6.1\"","level":"info"}
{"message":"[0c95c8dd-acb3-450f-9cf7-936362ab63ee] ::1 - - [23/Apr/2019:11:00:53 +0000] \"DELETE /v1/users/test1 HTTP/1.1\" 200 43 \"-\" \"PostmanRuntime/7.6.1\"","level":"info"}
{"message":"[95badc68-f2e1-4ea9-a05b-fbf3e2afdc16] ::1 - - [23/Apr/2019:11:01:39 +0000] \"DELETE /v1/users/today22 HTTP/1.1\" 200 43 \"-\" \"PostmanRuntime/7.6.1\"","level":"info"}
{"message":"[a87c5e32-a522-411c-bbdf-3eab6a3e4111] ::1 - - [23/Apr/2019:11:01:56 +0000] \"GET /v1/users HTTP/1.1\" 200 773 \"-\" \"PostmanRuntime/7.6.1\"","level":"info"}
{"message":"API Version\t: v1","level":"info"}
{"message":"API Port\t: 8080","level":"info"}
{"message":"Build Version\t: --NOT AVAILABLE--","level":"info"}
{"message":"NODE_ENV\t: development","level":"info"}
{"message":"[de825594-77cd-47e9-83f8-0422c38a1348] ::1 - - [23/Apr/2019:11:03:45 +0000] \"PUT /v1/users HTTP/1.1\" 200 49 \"-\" \"PostmanRuntime/7.6.1\"","level":"info"}
{"message":"[d208b0e4-7c8f-4d84-8d15-0867cdb6ee6a] ::1 - - [23/Apr/2019:11:03:50 +0000] \"GET /v1/users HTTP/1.1\" 200 769 \"-\" \"PostmanRuntime/7.6.1\"","level":"info"}
{"message":"API Version\t: v1","level":"info"}
{"message":"API Port\t: 8080","level":"info"}
{"message":"Build Version\t: 0.0.1","level":"info"}
{"message":"NODE_ENV\t: development","level":"info"}
{"message":"[745cbe88-e9e2-4867-8c58-873256b8dcab] ::1 - - [23/Apr/2019:11:05:01 +0000] \"POST /v1/users HTTP/1.1\" 200 41 \"-\" \"PostmanRuntime/7.6.1\"","level":"info"}
{"message":"[e8e68649-a155-430a-a616-77981fa0d4dd] ::1 - - [23/Apr/2019:11:05:49 +0000] \"GET /v1/users HTTP/1.1\" 200 892 \"-\" \"PostmanRuntime/7.6.1\"","level":"info"}
{"message":"[928771ac-e1b1-46f3-8055-6f01291f5fb9] ::1 - - [23/Apr/2019:11:06:15 +0000] \"GET /v1/users/tomjerry HTTP/1.1\" 200 168 \"-\" \"PostmanRuntime/7.6.1\"","level":"info"}
{"message":"API Version\t: v1","level":"info"}
{"message":"API Port\t: 8080","level":"info"}
{"message":"Build Version\t: 0.0.1","level":"info"}
{"message":"NODE_ENV\t: development","level":"info"}
{"message":"[23c972b9-0cd6-40c4-b5c0-3e44953a373d] ::1 - - [23/Apr/2019:11:07:39 +0000] \"GET /v1/users/tomjerry HTTP/1.1\" 200 168 \"-\" \"PostmanRuntime/7.6.1\"","level":"info"}
{"message":"[9c6d3163-3f2b-4bf5-a645-8ce84d5ec733] ::1 - - [23/Apr/2019:11:08:17 +0000] \"PUT /v1/users HTTP/1.1\" 200 49 \"-\" \"PostmanRuntime/7.6.1\"","level":"info"}
{"message":"API Version\t: v1","level":"info"}
{"message":"API Port\t: 8080","level":"info"}
{"message":"Build Version\t: 0.0.1","level":"info"}
{"message":"NODE_ENV\t: development","level":"info"}
{"message":"[50c5719c-fde9-44b1-beec-44c3a6a04117] ::1 - - [23/Apr/2019:11:09:03 +0000] \"PUT /v1/users HTTP/1.1\" 200 49 \"-\" \"PostmanRuntime/7.6.1\"","level":"info"}
{"message":"[eb04f1f1-e5f5-4293-9ff8-270bb8f67482] ::1 - - [23/Apr/2019:11:09:33 +0000] \"DELETE /v1/users/tomjerry HTTP/1.1\" 200 43 \"-\" \"PostmanRuntime/7.6.1\"","level":"info"}
{"message":"API Version\t: v1","level":"info"}
{"message":"API Port\t: 8080","level":"info"}
{"message":"Build Version\t: 0.0.1","level":"info"}
{"message":"NODE_ENV\t: development","level":"info"}
{"message":"API Version\t: v1","level":"info"}
{"message":"API Port\t: 8080","level":"info"}
{"message":"Build Version\t: 0.0.1","level":"info"}
{"message":"NODE_ENV\t: development","level":"info"}
{"message":"API Version\t: v1","level":"info"}
{"message":"API Port\t: 8080","level":"info"}
{"message":"Build Version\t: --NOT AVAILABLE--","level":"info"}
{"message":"NODE_ENV\t: development","level":"info"}
{"message":"[e2a086fa-e675-4b5b-b7f3-037be73d098d] ::1 - - [23/Apr/2019:11:19:31 +0000] \"GET /v1/users/tomjerry HTTP/1.1\" 200 46 \"-\" \"PostmanRuntime/7.6.1\"","level":"info"}
{"message":"[4ba650ba-3b9b-4f28-b6ea-4724d43d3c1e] ::1 - - [23/Apr/2019:11:19:45 +0000] \"GET /v1/users/tomjerry HTTP/1.1\" 200 46 \"-\" \"PostmanRuntime/7.6.1\"","level":"info"}
{"message":"[4b7959ea-594b-4943-af12-d0fe8d1efb17] ::1 - - [23/Apr/2019:11:19:54 +0000] \"GET /v1/users/tomjerry HTTP/1.1\" 200 46 \"-\" \"PostmanRuntime/7.6.1\"","level":"info"}
{"message":"[e649755e-e8a1-43f3-bfea-bfbc5f6c25a6] ::1 - - [23/Apr/2019:11:20:22 +0000] \"GET /v1/users/tomjerry HTTP/1.1\" 200 46 \"-\" \"PostmanRuntime/7.6.1\"","level":"info"}
{"message":"[c00c15e7-018c-47c3-a0cd-8f4eb774cd38] ::1 - - [23/Apr/2019:11:20:27 +0000] \"GET /v1/users/tomjerry HTTP/1.1\" 200 46 \"-\" \"PostmanRuntime/7.6.1\"","level":"info"}
{"message":"API Version\t: v1","level":"info"}
{"message":"API Port\t: 8080","level":"info"}
{"message":"Build Version\t: --NOT AVAILABLE--","level":"info"}
{"message":"NODE_ENV\t: development","level":"info"}
{"message":"[ca8171e0-2a99-4702-842c-4b0738958e05] ::1 - - [23/Apr/2019:11:20:55 +0000] \"GET /v1/users/tomjerry HTTP/1.1\" 200 46 \"-\" \"PostmanRuntime/7.6.1\"","level":"info"}
{"message":"[07ecde54-0767-435c-97db-9046e7a4cbce] ::1 - - [23/Apr/2019:11:21:01 +0000] \"GET /v1/users/tomjerry HTTP/1.1\" 200 46 \"-\" \"PostmanRuntime/7.6.1\"","level":"info"}
{"message":"[9d5c5c31-78af-4961-84c8-3e8cc45e433d] ::1 - - [23/Apr/2019:11:22:59 +0000] \"GET /v1/users/tomjerry HTTP/1.1\" 200 46 \"-\" \"PostmanRuntime/7.6.1\"","level":"info"}
{"message":"API Version\t: v1","level":"info"}
{"message":"API Port\t: 8080","level":"info"}
{"message":"Build Version\t: --NOT AVAILABLE--","level":"info"}
{"message":"NODE_ENV\t: development","level":"info"}
{"error":{},"level":"error","message":"uncaughtException: userlogin is not defined\nReferenceError: userlogin is not defined\n    at Object.<anonymous> (d:\\task1\\basicStructure\\server.js:47:25)\n    at Module._compile (internal/modules/cjs/loader.js:701:30)\n    at Object.Module._extensions..js (internal/modules/cjs/loader.js:712:10)\n    at Module.load (internal/modules/cjs/loader.js:600:32)\n    at tryModuleLoad (internal/modules/cjs/loader.js:539:12)\n    at Function.Module._load (internal/modules/cjs/loader.js:531:3)\n    at Module.require (internal/modules/cjs/loader.js:637:17)\n    at require (internal/modules/cjs/helpers.js:22:18)\n    at Object.<anonymous> (d:\\task1\\basicStructure\\bin\\www:15:13)\n    at Module._compile (internal/modules/cjs/loader.js:698:14)","stack":"ReferenceError: userlogin is not defined\n    at Object.<anonymous> (d:\\task1\\basicStructure\\server.js:47:25)\n    at Module._compile (internal/modules/cjs/loader.js:701:30)\n    at Object.Module._extensions..js (internal/modules/cjs/loader.js:712:10)\n    at Module.load (internal/modules/cjs/loader.js:600:32)\n    at tryModuleLoad (internal/modules/cjs/loader.js:539:12)\n    at Function.Module._load (internal/modules/cjs/loader.js:531:3)\n    at Module.require (internal/modules/cjs/loader.js:637:17)\n    at require (internal/modules/cjs/helpers.js:22:18)\n    at Object.<anonymous> (d:\\task1\\basicStructure\\bin\\www:15:13)\n    at Module._compile (internal/modules/cjs/loader.js:698:14)","exception":true,"date":"Tue Apr 23 2019 16:54:28 GMT+0530 (India Standard Time)","process":{"pid":8708,"uid":null,"gid":null,"cwd":"d:\\task1\\basicStructure","execPath":"C:\\Program Files\\nodejs\\node.exe","version":"v10.15.3","argv":["C:\\Program Files\\nodejs\\node.exe","d:\\task1\\basicStructure\\bin\\www"],"memoryUsage":{"rss":57602048,"heapTotal":37511168,"heapUsed":16078536,"external":112011}},"os":{"loadavg":[0,0,0],"uptime":521294},"trace":[{"column":25,"file":"d:\\task1\\basicStructure\\server.js","function":null,"line":47,"method":null,"native":false},{"column":30,"file":"internal/modules/cjs/loader.js","function":"Module._compile","line":701,"method":"_compile","native":false},{"column":10,"file":"internal/modules/cjs/loader.js","function":"Module._extensions..js","line":712,"method":".js","native":false},{"column":32,"file":"internal/modules/cjs/loader.js","function":"Module.load","line":600,"method":"load","native":false},{"column":12,"file":"internal/modules/cjs/loader.js","function":"tryModuleLoad","line":539,"method":null,"native":false},{"column":3,"file":"internal/modules/cjs/loader.js","function":"Module._load","line":531,"method":"_load","native":false},{"column":17,"file":"internal/modules/cjs/loader.js","function":"Module.require","line":637,"method":"require","native":false},{"column":18,"file":"internal/modules/cjs/helpers.js","function":"require","line":22,"method":null,"native":false},{"column":13,"file":"d:\\task1\\basicStructure\\bin\\www","function":null,"line":15,"method":null,"native":false},{"column":14,"file":"internal/modules/cjs/loader.js","function":"Module._compile","line":698,"method":"_compile","native":false}]}
{"error":{},"level":"error","message":"uncaughtException: userlogin is not defined\nReferenceError: userlogin is not defined\n    at Object.<anonymous> (d:\\task1\\basicStructure\\server.js:47:25)\n    at Module._compile (internal/modules/cjs/loader.js:701:30)\n    at Object.Module._extensions..js (internal/modules/cjs/loader.js:712:10)\n    at Module.load (internal/modules/cjs/loader.js:600:32)\n    at tryModuleLoad (internal/modules/cjs/loader.js:539:12)\n    at Function.Module._load (internal/modules/cjs/loader.js:531:3)\n    at Module.require (internal/modules/cjs/loader.js:637:17)\n    at require (internal/modules/cjs/helpers.js:22:18)\n    at Object.<anonymous> (d:\\task1\\basicStructure\\bin\\www:15:13)\n    at Module._compile (internal/modules/cjs/loader.js:698:14)","stack":"ReferenceError: userlogin is not defined\n    at Object.<anonymous> (d:\\task1\\basicStructure\\server.js:47:25)\n    at Module._compile (internal/modules/cjs/loader.js:701:30)\n    at Object.Module._extensions..js (internal/modules/cjs/loader.js:712:10)\n    at Module.load (internal/modules/cjs/loader.js:600:32)\n    at tryModuleLoad (internal/modules/cjs/loader.js:539:12)\n    at Function.Module._load (internal/modules/cjs/loader.js:531:3)\n    at Module.require (internal/modules/cjs/loader.js:637:17)\n    at require (internal/modules/cjs/helpers.js:22:18)\n    at Object.<anonymous> (d:\\task1\\basicStructure\\bin\\www:15:13)\n    at Module._compile (internal/modules/cjs/loader.js:698:14)","exception":true,"date":"Tue Apr 23 2019 16:54:46 GMT+0530 (India Standard Time)","process":{"pid":3688,"uid":null,"gid":null,"cwd":"d:\\task1\\basicStructure","execPath":"C:\\Program Files\\nodejs\\node.exe","version":"v10.15.3","argv":["C:\\Program Files\\nodejs\\node.exe","d:\\task1\\basicStructure\\bin\\www"],"memoryUsage":{"rss":57999360,"heapTotal":37511168,"heapUsed":16072792,"external":112011}},"os":{"loadavg":[0,0,0],"uptime":521312},"trace":[{"column":25,"file":"d:\\task1\\basicStructure\\server.js","function":null,"line":47,"method":null,"native":false},{"column":30,"file":"internal/modules/cjs/loader.js","function":"Module._compile","line":701,"method":"_compile","native":false},{"column":10,"file":"internal/modules/cjs/loader.js","function":"Module._extensions..js","line":712,"method":".js","native":false},{"column":32,"file":"internal/modules/cjs/loader.js","function":"Module.load","line":600,"method":"load","native":false},{"column":12,"file":"internal/modules/cjs/loader.js","function":"tryModuleLoad","line":539,"method":null,"native":false},{"column":3,"file":"internal/modules/cjs/loader.js","function":"Module._load","line":531,"method":"_load","native":false},{"column":17,"file":"internal/modules/cjs/loader.js","function":"Module.require","line":637,"method":"require","native":false},{"column":18,"file":"internal/modules/cjs/helpers.js","function":"require","line":22,"method":null,"native":false},{"column":13,"file":"d:\\task1\\basicStructure\\bin\\www","function":null,"line":15,"method":null,"native":false},{"column":14,"file":"internal/modules/cjs/loader.js","function":"Module._compile","line":698,"method":"_compile","native":false}]}
{"message":"API Version\t: v1","level":"info"}
{"message":"API Port\t: 8080","level":"info"}
{"message":"Build Version\t: --NOT AVAILABLE--","level":"info"}
{"message":"NODE_ENV\t: development","level":"info"}
{"message":"[ee56a08f-bb00-4f27-8732-a5f5a6478ac1] ErrorCodesService(getErrorInformation): Unknown error code: 14","level":"error"}
{"message":"[ee56a08f-bb00-4f27-8732-a5f5a6478ac1] ::1 - - [23/Apr/2019:11:26:07 +0000] \"GET /v1/users/tomjerry HTTP/1.1\" 401 427 \"-\" \"PostmanRuntime/7.6.1\"","level":"info"}
{"message":"[2c4171ab-4f95-4cae-a78c-13885d595a90] ErrorCodesService(getErrorInformation): Unknown error code: 14","level":"error"}
{"message":"[2c4171ab-4f95-4cae-a78c-13885d595a90] ::1 - - [23/Apr/2019:11:31:32 +0000] \"GET /v1/users/tomjerry HTTP/1.1\" 401 427 \"-\" \"PostmanRuntime/7.6.1\"","level":"info"}
{"message":"API Version\t: v1","level":"info"}
{"message":"API Port\t: 8080","level":"info"}
{"message":"Build Version\t: --NOT AVAILABLE--","level":"info"}
{"message":"NODE_ENV\t: development","level":"info"}
{"message":"[43b110e6-3a5e-46a8-8279-791036c221ae] ::1 - - [23/Apr/2019:11:33:29 +0000] \"GET /v1/users/tomjerry HTTP/1.1\" 401 437 \"-\" \"PostmanRuntime/7.6.1\"","level":"info"}
{"message":"[ceae67f1-2d81-44c7-a6db-836b1b3486cf] AuthMiddleware(middleware::auth): invalid token","level":"error"}
{"message":"[ceae67f1-2d81-44c7-a6db-836b1b3486cf] ::1 - - [23/Apr/2019:11:34:29 +0000] \"GET /v1/users/tomjerry HTTP/1.1\" 401 433 \"-\" \"PostmanRuntime/7.6.1\"","level":"info"}
{"message":"API Version\t: v1","level":"info"}
{"message":"API Port\t: 8080","level":"info"}
{"message":"Build Version\t: 0.0.1","level":"info"}
{"message":"NODE_ENV\t: development","level":"info"}
{"message":"[11590cab-53f6-4c69-880f-0d84da9916bc] ::1 - - [23/Apr/2019:12:00:50 +0000] \"GET / HTTP/1.1\" 401 401 \"-\" \"Mozilla/5.0 (Windows NT 10.0; Win64; x64) AppleWebKit/537.36 (KHTML, like Gecko) Chrome/73.0.3683.103 Safari/537.36\"","level":"info"}
{"message":"[15ad1db5-c1ac-46a5-ac2c-9c92969e3df8] ::1 - - [23/Apr/2019:12:00:56 +0000] \"GET /v1/login HTTP/1.1\" 304 - \"-\" \"Mozilla/5.0 (Windows NT 10.0; Win64; x64) AppleWebKit/537.36 (KHTML, like Gecko) Chrome/73.0.3683.103 Safari/537.36\"","level":"info"}
{"message":"[f8b1d8d9-e57c-42a9-a13a-1cafd9a87ce0] ::1 - - [23/Apr/2019:12:00:56 +0000] \"GET /stylesheets/style.css HTTP/1.1\" 401 422 \"http://localhost:8080/v1/login\" \"Mozilla/5.0 (Windows NT 10.0; Win64; x64) AppleWebKit/537.36 (KHTML, like Gecko) Chrome/73.0.3683.103 Safari/537.36\"","level":"info"}
{"message":"[013a7a1c-1cdb-4371-aea9-2120e9d1e180] ::1 - - [23/Apr/2019:12:01:41 +0000] \"GET /v1/users HTTP/1.1\" 200 769 \"-\" \"PostmanRuntime/7.6.1\"","level":"info"}
{"message":"[876507a0-c0fd-4b55-b879-2c2afaff6a90] SERVER(Error-Middleware): Cannot read property 'count' of undefined","level":"error"}
{"message":"[876507a0-c0fd-4b55-b879-2c2afaff6a90] ::1 - - [23/Apr/2019:12:01:53 +0000] \"POST /v1/login HTTP/1.1\" 500 301 \"http://localhost:8080/v1/login\" \"Mozilla/5.0 (Windows NT 10.0; Win64; x64) AppleWebKit/537.36 (KHTML, like Gecko) Chrome/73.0.3683.103 Safari/537.36\"","level":"info"}
{"message":"API Version\t: v1","level":"info"}
{"message":"API Port\t: 8080","level":"info"}
{"message":"Build Version\t: --NOT AVAILABLE--","level":"info"}
{"message":"NODE_ENV\t: development","level":"info"}
{"message":"[42d7adfc-26d1-4ba9-a3c9-dd52ce610614] ::1 - - [23/Apr/2019:12:03:02 +0000] \"GET /stylesheets/style.css HTTP/1.1\" 401 434 \"http://localhost:8080/v1/login\" \"Mozilla/5.0 (Windows NT 10.0; Win64; x64) AppleWebKit/537.36 (KHTML, like Gecko) Chrome/73.0.3683.103 Safari/537.36\"","level":"info"}
{"message":"API Version\t: v1","level":"info"}
{"message":"API Port\t: 8080","level":"info"}
{"message":"Build Version\t: --NOT AVAILABLE--","level":"info"}
{"message":"NODE_ENV\t: development","level":"info"}
{"message":"[02ef4aa9-adb6-4819-9011-f883b1b43f8e] ::1 - - [23/Apr/2019:12:04:23 +0000] \"GET /stylesheets/style.css HTTP/1.1\" 401 435 \"http://localhost:8080/v1/login\" \"Mozilla/5.0 (Windows NT 10.0; Win64; x64) AppleWebKit/537.36 (KHTML, like Gecko) Chrome/73.0.3683.103 Safari/537.36\"","level":"info"}
{"message":"[ac51cb6e-54e4-471f-b601-102a223418b0] ::1 - - [23/Apr/2019:12:04:47 +0000] \"POST /v1/login HTTP/1.1\" 200 257 \"http://localhost:8080/v1/login\" \"Mozilla/5.0 (Windows NT 10.0; Win64; x64) AppleWebKit/537.36 (KHTML, like Gecko) Chrome/73.0.3683.103 Safari/537.36\"","level":"info"}
{"message":"API Version\t: v1","level":"info"}
{"message":"API Port\t: 8080","level":"info"}
{"message":"Build Version\t: 0.0.1","level":"info"}
{"message":"NODE_ENV\t: development","level":"info"}
{"message":"[b5dcced3-5d3e-416e-9500-04c29a26e9c7] ::1 - - [23/Apr/2019:12:09:34 +0000] \"GET /v1/login HTTP/1.1\" 200 903 \"-\" \"Mozilla/5.0 (Windows NT 10.0; Win64; x64) AppleWebKit/537.36 (KHTML, like Gecko) Chrome/73.0.3683.103 Safari/537.36\"","level":"info"}
{"message":"[e2019190-ca92-4342-9398-c22f64b24d39] ::1 - - [23/Apr/2019:12:09:34 +0000] \"GET /stylesheets/style.css HTTP/1.1\" 401 422 \"http://localhost:8080/v1/login\" \"Mozilla/5.0 (Windows NT 10.0; Win64; x64) AppleWebKit/537.36 (KHTML, like Gecko) Chrome/73.0.3683.103 Safari/537.36\"","level":"info"}
{"message":"[7eb6258e-b338-46d2-a9fa-d24cd3c0d5a7] ::1 - - [23/Apr/2019:12:09:39 +0000] \"POST /v1/login HTTP/1.1\" 200 257 \"http://localhost:8080/v1/login\" \"Mozilla/5.0 (Windows NT 10.0; Win64; x64) AppleWebKit/537.36 (KHTML, like Gecko) Chrome/73.0.3683.103 Safari/537.36\"","level":"info"}
{"message":"[354b1c26-d1f3-4c28-9c4f-5e52b10b4b87] ::1 - - [23/Apr/2019:12:10:00 +0000] \"GET /v1/registration HTTP/1.1\" 304 - \"-\" \"Mozilla/5.0 (Windows NT 10.0; Win64; x64) AppleWebKit/537.36 (KHTML, like Gecko) Chrome/73.0.3683.103 Safari/537.36\"","level":"info"}
{"message":"[2093e748-8b64-4044-b54e-64cc593ea9bf] ::1 - - [23/Apr/2019:12:10:00 +0000] \"GET /stylesheets/style.css HTTP/1.1\" 401 422 \"http://localhost:8080/v1/registration\" \"Mozilla/5.0 (Windows NT 10.0; Win64; x64) AppleWebKit/537.36 (KHTML, like Gecko) Chrome/73.0.3683.103 Safari/537.36\"","level":"info"}
{"message":"[11ac98dd-f1d1-4a66-abc9-85afdd26bffa] ::1 - - [23/Apr/2019:12:11:09 +0000] \"POST /v1/registration HTTP/1.1\" 200 1343 \"http://localhost:8080/v1/registration\" \"Mozilla/5.0 (Windows NT 10.0; Win64; x64) AppleWebKit/537.36 (KHTML, like Gecko) Chrome/73.0.3683.103 Safari/537.36\"","level":"info"}
{"message":"[c1eaaacf-a816-4567-86cd-a69170d26fe1] ::1 - - [23/Apr/2019:12:11:09 +0000] \"GET /stylesheets/style.css HTTP/1.1\" 401 422 \"http://localhost:8080/v1/registration\" \"Mozilla/5.0 (Windows NT 10.0; Win64; x64) AppleWebKit/537.36 (KHTML, like Gecko) Chrome/73.0.3683.103 Safari/537.36\"","level":"info"}
{"message":"[c18777b2-928e-44ba-b44a-c4ede19ed3b3] AuthMiddleware(middleware::auth): jwt expired","level":"error"}
{"message":"[c18777b2-928e-44ba-b44a-c4ede19ed3b3] ::1 - - [23/Apr/2019:12:11:16 +0000] \"GET /v1/users HTTP/1.1\" 401 404 \"-\" \"PostmanRuntime/7.6.1\"","level":"info"}
{"message":"[2f1173d0-9dab-4ff2-9a1d-d687e83103ff] AuthMiddleware(middleware::auth): jwt expired","level":"error"}
{"message":"[2f1173d0-9dab-4ff2-9a1d-d687e83103ff] ::1 - - [23/Apr/2019:12:11:41 +0000] \"GET /v1/users HTTP/1.1\" 401 404 \"-\" \"PostmanRuntime/7.6.1\"","level":"info"}
{"message":"[c8cd08ef-39bf-48e1-9dc9-ad72c590d912] ::1 - - [23/Apr/2019:12:11:48 +0000] \"GET /v1/login HTTP/1.1\" 200 903 \"http://localhost:8080/v1/registration\" \"Mozilla/5.0 (Windows NT 10.0; Win64; x64) AppleWebKit/537.36 (KHTML, like Gecko) Chrome/73.0.3683.103 Safari/537.36\"","level":"info"}
{"message":"[0d1b83b9-cb4a-4ce6-89d9-e833c89ee490] ::1 - - [23/Apr/2019:12:11:48 +0000] \"GET /stylesheets/style.css HTTP/1.1\" 401 422 \"http://localhost:8080/v1/login\" \"Mozilla/5.0 (Windows NT 10.0; Win64; x64) AppleWebKit/537.36 (KHTML, like Gecko) Chrome/73.0.3683.103 Safari/537.36\"","level":"info"}
{"message":"[21bd3deb-5d75-4552-bad4-c4a214582f19] ::1 - - [23/Apr/2019:12:11:54 +0000] \"POST /v1/login HTTP/1.1\" 200 257 \"http://localhost:8080/v1/login\" \"Mozilla/5.0 (Windows NT 10.0; Win64; x64) AppleWebKit/537.36 (KHTML, like Gecko) Chrome/73.0.3683.103 Safari/537.36\"","level":"info"}
{"message":"[6f47829b-9cb9-4333-83c9-9eacc5f5f202] ::1 - - [23/Apr/2019:12:12:02 +0000] \"GET /v1/users HTTP/1.1\" 200 885 \"-\" \"PostmanRuntime/7.6.1\"","level":"info"}
{"error":{},"level":"error","message":"uncaughtException: data is not defined\nReferenceError: data is not defined\n    at Object.<anonymous> (D:\\task1\\basicStructure\\registration\\signup.service.js:10:13)\n    at Module._compile (internal/modules/cjs/loader.js:701:30)\n    at Object.Module._extensions..js (internal/modules/cjs/loader.js:712:10)\n    at Module.load (internal/modules/cjs/loader.js:600:32)\n    at tryModuleLoad (internal/modules/cjs/loader.js:539:12)\n    at Function.Module._load (internal/modules/cjs/loader.js:531:3)\n    at Module.require (internal/modules/cjs/loader.js:637:17)\n    at require (internal/modules/cjs/helpers.js:22:18)\n    at Object.<anonymous> (D:\\task1\\basicStructure\\registration\\signup.router.js:8:21)\n    at Module._compile (internal/modules/cjs/loader.js:701:30)","stack":"ReferenceError: data is not defined\n    at Object.<anonymous> (D:\\task1\\basicStructure\\registration\\signup.service.js:10:13)\n    at Module._compile (internal/modules/cjs/loader.js:701:30)\n    at Object.Module._extensions..js (internal/modules/cjs/loader.js:712:10)\n    at Module.load (internal/modules/cjs/loader.js:600:32)\n    at tryModuleLoad (internal/modules/cjs/loader.js:539:12)\n    at Function.Module._load (internal/modules/cjs/loader.js:531:3)\n    at Module.require (internal/modules/cjs/loader.js:637:17)\n    at require (internal/modules/cjs/helpers.js:22:18)\n    at Object.<anonymous> (D:\\task1\\basicStructure\\registration\\signup.router.js:8:21)\n    at Module._compile (internal/modules/cjs/loader.js:701:30)","exception":true,"date":"Tue Apr 23 2019 17:44:15 GMT+0530 (India Standard Time)","process":{"pid":12048,"uid":null,"gid":null,"cwd":"D:\\task1\\basicStructure","execPath":"C:\\Program Files\\nodejs\\node.exe","version":"v10.15.3","argv":["C:\\Program Files\\nodejs\\node.exe","D:\\task1\\basicStructure\\bin\\www","DECPC"],"memoryUsage":{"rss":47927296,"heapTotal":37552128,"heapUsed":18475096,"external":103803}},"os":{"loadavg":[0,0,0],"uptime":524280},"trace":[{"column":13,"file":"D:\\task1\\basicStructure\\registration\\signup.service.js","function":null,"line":10,"method":null,"native":false},{"column":30,"file":"internal/modules/cjs/loader.js","function":"Module._compile","line":701,"method":"_compile","native":false},{"column":10,"file":"internal/modules/cjs/loader.js","function":"Module._extensions..js","line":712,"method":".js","native":false},{"column":32,"file":"internal/modules/cjs/loader.js","function":"Module.load","line":600,"method":"load","native":false},{"column":12,"file":"internal/modules/cjs/loader.js","function":"tryModuleLoad","line":539,"method":null,"native":false},{"column":3,"file":"internal/modules/cjs/loader.js","function":"Module._load","line":531,"method":"_load","native":false},{"column":17,"file":"internal/modules/cjs/loader.js","function":"Module.require","line":637,"method":"require","native":false},{"column":18,"file":"internal/modules/cjs/helpers.js","function":"require","line":22,"method":null,"native":false},{"column":21,"file":"D:\\task1\\basicStructure\\registration\\signup.router.js","function":null,"line":8,"method":null,"native":false},{"column":30,"file":"internal/modules/cjs/loader.js","function":"Module._compile","line":701,"method":"_compile","native":false}]}
{"message":"API Version\t: v1","level":"info"}
{"message":"API Port\t: 8080","level":"info"}
{"message":"Build Version\t: 0.0.1","level":"info"}
{"message":"NODE_ENV\t: development","level":"info"}
{"message":"[a6b0d1ad-ff00-465f-aa1b-a6598be09229] ::1 - - [23/Apr/2019:12:14:48 +0000] \"GET /v1/users HTTP/1.1\" 200 885 \"-\" \"PostmanRuntime/7.6.1\"","level":"info"}
{"message":"API Version\t: v1","level":"info"}
{"message":"API Port\t: 8080","level":"info"}
{"message":"Build Version\t: 0.0.1","level":"info"}
{"message":"NODE_ENV\t: development","level":"info"}
{"message":"API Version\t: v1","level":"info"}
{"message":"API Port\t: 8080","level":"info"}
{"message":"Build Version\t: 0.0.1","level":"info"}
{"message":"NODE_ENV\t: development","level":"info"}
{"message":"[191a05e8-a376-46d8-a6b1-0c9bcd1b8538] ::1 - - [23/Apr/2019:12:15:37 +0000] \"GET /v1/users HTTP/1.1\" 200 885 \"-\" \"PostmanRuntime/7.6.1\"","level":"info"}
{"message":"API Version\t: v1","level":"info"}
{"message":"API Port\t: 8080","level":"info"}
{"message":"Build Version\t: 0.0.1","level":"info"}
{"message":"NODE_ENV\t: development","level":"info"}
{"message":"API Version\t: v1","level":"info"}
{"message":"API Port\t: 8080","level":"info"}
{"message":"Build Version\t: 0.0.1","level":"info"}
{"message":"NODE_ENV\t: development","level":"info"}
{"message":"API Version\t: v1","level":"info"}
{"message":"API Port\t: 8080","level":"info"}
{"message":"Build Version\t: --NOT AVAILABLE--","level":"info"}
{"message":"NODE_ENV\t: development","level":"info"}
{"message":"[5530e082-7d55-4cdb-9725-f07e10748ece] ::1 - - [23/Apr/2019:12:19:18 +0000] \"GET /v1/login HTTP/1.1\" 200 903 \"http://localhost:8080/v1/registration\" \"Mozilla/5.0 (Windows NT 10.0; Win64; x64) AppleWebKit/537.36 (KHTML, like Gecko) Chrome/73.0.3683.103 Safari/537.36\"","level":"info"}
{"message":"[6a8be3d4-26d9-48c9-ba8d-e4d4a7f5b6d1] ::1 - - [23/Apr/2019:12:19:46 +0000] \"GET /stylesheets/style.css HTTP/1.1\" 401 442 \"http://localhost:8080/v1/login\" \"Mozilla/5.0 (Windows NT 10.0; Win64; x64) AppleWebKit/537.36 (KHTML, like Gecko) Chrome/73.0.3683.103 Safari/537.36\"","level":"info"}
{"message":"[12ce8ea7-7c74-4430-a840-4fd2dab6152e] ::1 - - [23/Apr/2019:12:20:14 +0000] \"POST /v1/login HTTP/1.1\" 200 257 \"http://localhost:8080/v1/login\" \"Mozilla/5.0 (Windows NT 10.0; Win64; x64) AppleWebKit/537.36 (KHTML, like Gecko) Chrome/73.0.3683.103 Safari/537.36\"","level":"info"}
